<?xml version="1.0" encoding="utf-8"?><testsuites name="pytest tests"><testsuite name="pytest" errors="0" failures="0" skipped="0" tests="6" time="23.962" timestamp="2026-05-16T18:09:38.423546+00:00" hostname="agent-env-b61b2af4-8ddd-46fe-a893-416d82cb511c"><testcase classname="backend.tests.test_invite_api" name="test_health" time="0.367" /><testcase classname="backend.tests.test_invite_api" name="test_suggest_text" time="3.239" /><testcase classname="backend.tests.test_invite_api" name="test_generate_background" time="19.121" /><testcase classname="backend.tests.test_invite_api" name="test_payment_status_initial_unpaid" time="0.278" /><testcase classname="backend.tests.test_invite_api" name="test_create_checkout_session" time="0.702" /><testcase classname="backend.tests.test_invite_api" name="test_payment_status_after_session" time="0.177" /></testsuite></testsuites>