<?xml version="1.0" encoding="utf-8"?><testsuites name="pytest tests"><testsuite name="pytest" errors="0" failures="0" skipped="0" tests="5" time="4.085" timestamp="2026-05-16T19:37:00.335607+00:00" hostname="agent-env-b61b2af4-8ddd-46fe-a893-416d82cb511c"><testcase classname="backend.tests.test_invite_api" name="test_health" time="0.320" /><testcase classname="backend.tests.test_invite_api" name="test_suggest_text" time="2.572" /><testcase classname="backend.tests.test_invite_api" name="test_payment_status_initial_unpaid" time="0.166" /><testcase classname="backend.tests.test_invite_api" name="test_create_checkout_session" time="0.727" /><testcase classname="backend.tests.test_invite_api" name="test_payment_status_after_session" time="0.194" /></testsuite></testsuites>