<?xml version="1.0" encoding="utf-8"?><testsuites name="pytest tests"><testsuite name="pytest" errors="0" failures="0" skipped="0" tests="5" time="1.230" timestamp="2026-05-29T13:13:59.032659+00:00" hostname="agent-env-b61b2af4-8ddd-46fe-a893-416d82cb511c"><testcase classname="backend.tests.test_share_api" name="test_health" time="0.222" /><testcase classname="backend.tests.test_share_api" name="test_share_post_creates_and_returns_url" time="0.182" /><testcase classname="backend.tests.test_share_api" name="test_share_get_returns_payload" time="0.149" /><testcase classname="backend.tests.test_share_api" name="test_share_get_404_for_missing" time="0.155" /><testcase classname="backend.tests.test_share_api" name="test_share_upsert_overwrites" time="0.331" /></testsuite></testsuites>